<?xml version="1.0" encoding="UTF-8"?>
<!-- Generated by org.testng.reporters.JUnitReportReporter -->
<testsuite hostname="LH7U05CG5385HX7" name="test.FirstTest" tests="2" failures="0" timestamp="19 May 2016 09:26:06 GMT" time="71.432" errors="0">
  <testcase name="CheckSucceefulLoginPega" time="56.100" classname="test.FirstTest"/>
  <testcase name="checkLogo" time="15.332" classname="test.FirstTest"/>
</testsuite> <!-- test.FirstTest -->
