<?xml version="1.0" encoding="UTF-8"?>
<!-- Generated by org.testng.reporters.JUnitReportReporter -->
<testsuite hostname="LH7U05CG5385HX7" name="test.FirstTest" tests="2" failures="0" timestamp="19 May 2016 09:15:53 GMT" time="76.531" errors="0">
  <testcase name="CheckSucceefulLoginPega" time="58.059" classname="test.FirstTest"/>
  <testcase name="checkLogo" time="18.472" classname="test.FirstTest"/>
</testsuite> <!-- test.FirstTest -->
