<?xml version="1.0" encoding="UTF-8"?>
<!-- Generated by org.testng.reporters.JUnitReportReporter -->
<testsuite hostname="LH7U05CG5385HX7" name="test.FirstTest" tests="1" failures="0" timestamp="17 May 2016 12:36:04 GMT" time="14.181" errors="0">
  <testcase name="checkLogo" time="14.181" classname="test.FirstTest"/>
</testsuite> <!-- test.FirstTest -->
